Date: Fri Oct 13 2017 21:06:01 GMT+0300 (RTZ 2 (зима))
URL: /api/articles/readall
body: {"sortField":"date","sortOrder":"desc"}



Date: Fri Oct 13 2017 21:06:01 GMT+0300 (RTZ 2 (зима))
URL: /api/articles/readall
body: {"sortField":"date","sortOrder":"desc"}



Date: Fri Oct 13 2017 21:06:40 GMT+0300 (RTZ 2 (зима))
URL: /api/articles/readall
body: {"sortField":"date","sortOrder":"desc"}



Date: Fri Oct 13 2017 21:28:30 GMT+0300 (RTZ 2 (зима))
URL: /api/articles/readall
body: {"sortField":"date","sortOrder":"desc"}



Date: Fri Oct 13 2017 21:30:03 GMT+0300 (RTZ 2 (зима))
URL: /api/articles/readall
body: {"sortField":"date","sortOrder":"desc"}



Date: Fri Oct 13 2017 21:32:10 GMT+0300 (RTZ 2 (зима))
URL: /api/articles/readall
body: {"sortField":"date","sortOrder":"desc"}



Date: Fri Oct 13 2017 21:35:18 GMT+0300 (RTZ 2 (зима))
URL: /api/articles/readall
body: {"sortOrder":"asc","sortField":"date"}



Date: Fri Oct 13 2017 21:36:19 GMT+0300 (RTZ 2 (зима))
URL: /api/articles/readall
body: {"sortOrder":"asc","sortField":"date"}



Date: Fri Oct 13 2017 21:37:05 GMT+0300 (RTZ 2 (зима))
URL: /api/articles/readall
body: {"sortField":"date","sortOrder":"desc"}



Date: Fri Oct 13 2017 21:41:23 GMT+0300 (RTZ 2 (зима))
URL: /api/articles/readall
body: {"sortField":"id","sortOrder":"asc"}



Date: Fri Oct 13 2017 21:42:56 GMT+0300 (RTZ 2 (зима))
URL: /api/articles/readall
body: {"sortField":"id","sortOrder":"desc"}



Date: Fri Oct 13 2017 21:51:31 GMT+0300 (RTZ 2 (зима))
URL: /api/articles/readall
body: {"sortField":"title","sortOrder":"desc"}



Date: Fri Oct 13 2017 21:53:20 GMT+0300 (RTZ 2 (зима))
URL: /api/articles/readall
body: {"sortField":"title","sortOrder":"desc"}



Date: Fri Oct 13 2017 21:57:49 GMT+0300 (RTZ 2 (зима))
URL: /api/articles/readall
body: {"sortField":"text","sortOrder":"desc"}



Date: Fri Oct 13 2017 22:01:09 GMT+0300 (RTZ 2 (зима))
URL: /api/articles/readall
body: {"sortField":"author","sortOrder":"desc"}



Date: Fri Oct 13 2017 22:32:12 GMT+0300 (RTZ 2 (зима))
URL: /api/articles/readall
body: {"sortField":"author","sortOrder":"desc","page":"1","limit":"1"}



Date: Fri Oct 13 2017 22:35:41 GMT+0300 (RTZ 2 (зима))
URL: /api/articles/readall
body: {"sortField":"author","sortOrder":"desc","page":"1","limit":"1"}



Date: Fri Oct 13 2017 22:37:23 GMT+0300 (RTZ 2 (зима))
URL: /api/articles/readall
body: {"sortField":"author","sortOrder":"desc","page":"1","limit":"1"}



Date: Fri Oct 13 2017 22:38:55 GMT+0300 (RTZ 2 (зима))
URL: /api/articles/readall
body: {"sortField":"author","sortOrder":"desc","page":"1","limit":"1"}



Date: Fri Oct 13 2017 22:40:24 GMT+0300 (RTZ 2 (зима))
URL: /api/articles/readall
body: {"sortField":"author","sortOrder":"desc","page":1,"limit":1}



Date: Fri Oct 13 2017 22:40:43 GMT+0300 (RTZ 2 (зима))
URL: /api/articles/readall
body: {"sortField":"author","sortOrder":"desc","page":1,"limit":2}



Date: Fri Oct 13 2017 22:53:30 GMT+0300 (RTZ 2 (зима))
URL: /api/articles/readall
body: {"sortField":"author","sortOrder":"desc","page":1,"limit":2}



Date: Fri Oct 13 2017 22:58:02 GMT+0300 (RTZ 2 (зима))
URL: /api/articles/readall
body: {"sortField":"author","sortOrder":"desc","page":1,"limit":2}



Date: Fri Oct 13 2017 22:58:56 GMT+0300 (RTZ 2 (зима))
URL: /api/articles/readall
body: {"sortField":"author","sortOrder":"desc","page":1,"limit":2}



Date: Fri Oct 13 2017 23:00:00 GMT+0300 (RTZ 2 (зима))
URL: /api/articles/readall
body: {"sortField":"author","sortOrder":"desc","page":1,"limit":2}



Date: Fri Oct 13 2017 23:13:08 GMT+0300 (RTZ 2 (зима))
URL: /api/articles/readall
body: {"sortField":"author","sortOrder":"desc","page":1,"limit":2,"includeDeps":false}



Date: Fri Oct 13 2017 23:16:39 GMT+0300 (RTZ 2 (зима))
URL: /api/articles/readall
body: {"sortField":"author","sortOrder":"desc","page":1,"limit":2,"includeDeps":false}



Date: Fri Oct 13 2017 23:17:01 GMT+0300 (RTZ 2 (зима))
URL: /api/articles/readall
body: {"sortField":"author","sortOrder":"desc","page":0,"limit":2,"includeDeps":true}



Date: Fri Oct 13 2017 23:18:59 GMT+0300 (RTZ 2 (зима))
URL: /api/articles/readall
body: {"sortField":"author","sortOrder":"desc","page":0,"limit":2}



Date: Fri Oct 13 2017 23:19:07 GMT+0300 (RTZ 2 (зима))
URL: /api/articles/readall
body: {"sortField":"author","sortOrder":"desc","page":0,"limit":2}



Date: Fri Oct 13 2017 23:19:12 GMT+0300 (RTZ 2 (зима))
URL: /api/articles/readall
body: {"sortField":"author","sortOrder":"desc","page":0,"limit":2,"includeDeps":true}



Date: Fri Oct 13 2017 23:35:12 GMT+0300 (RTZ 2 (зима))
URL: /api/logs
body: {"sortField":"author","sortOrder":"desc","page":0,"limit":2,"includeDeps":true}



Date: Fri Oct 13 2017 23:44:05 GMT+0300 (RTZ 2 (зима))
URL: /api/logs
body: {"sortField":"author","sortOrder":"desc","page":0,"limit":2,"includeDeps":true}



Date: Fri Oct 13 2017 23:44:15 GMT+0300 (RTZ 2 (зима))
URL: /api/logs
body: {"sortField":"author","sortOrder":"desc","page":0,"limit":2,"includeDeps":true}



Date: Fri Oct 13 2017 23:44:30 GMT+0300 (RTZ 2 (зима))
URL: /api/logs
body: {"sortField":"author","sortOrder":"desc","page":0,"limit":2,"includeDeps":true}



Date: Fri Oct 13 2017 23:44:46 GMT+0300 (RTZ 2 (зима))
URL: /api/articles/readall
body: {"sortField":"date","sortOrder":"desc"}



Date: Fri Oct 13 2017 23:46:50 GMT+0300 (RTZ 2 (зима))
URL: /api/articles/readall
body: {"sortField":"date","sortOrder":"desc"}



Date: Fri Oct 13 2017 23:48:25 GMT+0300 (RTZ 2 (зима))
URL: /api/articles/readall
body: {"sortField":"date","sortOrder":"desc"}



Date: Fri Oct 13 2017 23:49:41 GMT+0300 (RTZ 2 (зима))
URL: /api/articles/readall
body: {"sortField":"date","sortOrder":"desc"}



Date: Fri Oct 13 2017 23:51:06 GMT+0300 (RTZ 2 (зима))
URL: /api/articles/readall
body: {"sortField":"author","sortOrder":"desc","page":0,"limit":1,"includeDeps":true}



Date: Fri Oct 13 2017 23:51:21 GMT+0300 (RTZ 2 (зима))
URL: /api/articles/readall
body: {"sortField":"author","sortOrder":"desc","page":0,"limit":2,"includeDeps":true}



Date: Fri Oct 13 2017 23:51:34 GMT+0300 (RTZ 2 (зима))
URL: /api/articles/readall
body: {"sortField":"author","sortOrder":"desc","page":0,"limit":3,"includeDeps":true}



Date: Fri Oct 13 2017 23:52:03 GMT+0300 (RTZ 2 (зима))
URL: /api/articles/readall
body: {"sortField":"date","sortOrder":"desc"}



Date: Fri Oct 13 2017 23:53:04 GMT+0300 (RTZ 2 (зима))
URL: /api/articles/readall
body: {"sortField":"date","sortOrder":"desc"}



Date: Fri Oct 13 2017 23:53:40 GMT+0300 (RTZ 2 (зима))
URL: /api/articles/readall
body: {"sortField":"author","sortOrder":"desc","page":0,"limit":4,"includeDeps":true}



Date: Mon Oct 16 2017 08:07:38 GMT+0300 (RTZ 2 (зима))
URL: /api/articles/readall
body: {"sortField":"date","sortOrder":"desc"}



Date: Mon Oct 16 2017 08:09:27 GMT+0300 (RTZ 2 (зима))
URL: /api/articles/readall
body: {"sortField":"author","sortOrder":"desc","page":0,"limit":4,"includeDeps":true}



Date: Mon Oct 16 2017 08:10:01 GMT+0300 (RTZ 2 (зима))
URL: /api/logs
body: {"sortField":"author","sortOrder":"desc","page":0,"limit":4,"includeDeps":true}



